c:\users\gs63\desktop\컴실 1\13주차\13주차 실습\debug\mfc_main.pch
c:\users\gs63\desktop\컴실 1\13주차\13주차 실습\debug\vc141.pdb
c:\users\gs63\desktop\컴실 1\13주차\13주차 실습\debug\vc141.idb
c:\users\gs63\desktop\컴실 1\13주차\13주차 실습\debug\stdafx.sbr
c:\users\gs63\desktop\컴실 1\13주차\13주차 실습\debug\stdafx.obj
c:\users\gs63\desktop\컴실 1\13주차\13주차 실습\debug\example.sbr
c:\users\gs63\desktop\컴실 1\13주차\13주차 실습\debug\stringtokenizer.sbr
c:\users\gs63\desktop\컴실 1\13주차\13주차 실습\debug\math.sbr
c:\users\gs63\desktop\컴실 1\13주차\13주차 실습\debug\usercode.sbr
c:\users\gs63\desktop\컴실 1\13주차\13주차 실습\debug\zoom.sbr
c:\users\gs63\desktop\컴실 1\13주차\13주차 실습\debug\scroll.sbr
c:\users\gs63\desktop\컴실 1\13주차\13주차 실습\debug\rubberband.sbr
c:\users\gs63\desktop\컴실 1\13주차\13주차 실습\debug\msgview.sbr
c:\users\gs63\desktop\컴실 1\13주차\13주차 실습\debug\drawfunc.sbr
c:\users\gs63\desktop\컴실 1\13주차\13주차 실습\debug\clipping.sbr
c:\users\gs63\desktop\컴실 1\13주차\13주차 실습\debug\mfc_mainview.sbr
c:\users\gs63\desktop\컴실 1\13주차\13주차 실습\debug\mfc_maindoc.sbr
c:\users\gs63\desktop\컴실 1\13주차\13주차 실습\debug\mfc_main.sbr
c:\users\gs63\desktop\컴실 1\13주차\13주차 실습\debug\mainfrm.sbr
c:\users\gs63\desktop\컴실 1\13주차\13주차 실습\debug\externview.sbr
c:\users\gs63\desktop\컴실 1\13주차\13주차 실습\debug\externdoc.sbr
c:\users\gs63\desktop\컴실 1\13주차\13주차 실습\debug\externdoc.obj
c:\users\gs63\desktop\컴실 1\13주차\13주차 실습\debug\externview.obj
c:\users\gs63\desktop\컴실 1\13주차\13주차 실습\debug\mainfrm.obj
c:\users\gs63\desktop\컴실 1\13주차\13주차 실습\debug\mfc_main.obj
c:\users\gs63\desktop\컴실 1\13주차\13주차 실습\debug\mfc_maindoc.obj
c:\users\gs63\desktop\컴실 1\13주차\13주차 실습\debug\msgview.obj
c:\users\gs63\desktop\컴실 1\13주차\13주차 실습\debug\rubberband.obj
c:\users\gs63\desktop\컴실 1\13주차\13주차 실습\debug\math.obj
c:\users\gs63\desktop\컴실 1\13주차\13주차 실습\debug\stringtokenizer.obj
c:\users\gs63\desktop\컴실 1\13주차\13주차 실습\debug\example.obj
c:\users\gs63\desktop\컴실 1\13주차\13주차 실습\debug\mfc_main.tlog\cl.command.1.tlog
c:\users\gs63\desktop\컴실 1\13주차\13주차 실습\debug\mfc_main.tlog\cl.read.1.tlog
c:\users\gs63\desktop\컴실 1\13주차\13주차 실습\debug\mfc_main.tlog\cl.write.1.tlog
